<?xml version="1.0" encoding="UTF-8"?>
<testng-results ignored="0" total="1" passed="1" failed="0" skipped="0">
  <reporter-output>
  </reporter-output>
  <suite started-at="2022-04-10T20:39:25 IST" name="Default suite" finished-at="2022-04-10T20:39:47 IST" duration-ms="21155">
    <groups>
    </groups>
    <test started-at="2022-04-10T20:39:25 IST" name="Default test" finished-at="2022-04-10T20:39:47 IST" duration-ms="21155">
      <class name="Academy.HomePage">
        <test-method is-config="true" signature="hiturl()[pri:0, instance:Academy.HomePage@1ca3b418]" started-at="2022-04-10T20:39:25 IST" name="hiturl" finished-at="2022-04-10T20:39:27 IST" duration-ms="2087" status="PASS">
          <reporter-output>
          </reporter-output>
        </test-method> <!-- hiturl -->
        <test-method signature="basePageNavigation(java.lang.String,java.lang.String,java.lang.String)[pri:0, instance:Academy.HomePage@1ca3b418]" started-at="2022-04-10T20:39:28 IST" name="basePageNavigation" data-provider="getData" finished-at="2022-04-10T20:39:46 IST" duration-ms="18888" status="PASS">
          <params>
            <param index="0">
              <value>
                <![CDATA[nonrestricteduser@gmail.com]]>
              </value>
            </param>
            <param index="1">
              <value>
                <![CDATA[123456]]>
              </value>
            </param>
            <param index="2">
              <value>
                <![CDATA[Restricted User]]>
              </value>
            </param>
          </params>
          <reporter-output>
          </reporter-output>
        </test-method> <!-- basePageNavigation -->
        <test-method is-config="true" signature="close()[pri:0, instance:Academy.HomePage@1ca3b418]" started-at="2022-04-10T20:39:46 IST" name="close" finished-at="2022-04-10T20:39:47 IST" duration-ms="115" status="PASS">
          <reporter-output>
          </reporter-output>
        </test-method> <!-- close -->
      </class> <!-- Academy.HomePage -->
    </test> <!-- Default test -->
  </suite> <!-- Default suite -->
</testng-results>
